<?xml version="1.0" encoding="utf-8"?><testsuites name="pytest tests"><testsuite name="pytest" errors="0" failures="0" skipped="0" tests="12" time="4.514" timestamp="2026-03-10T05:34:56.454188+00:00" hostname="agent-env-a901268e-545e-480f-95ae-56dc69af21b8"><testcase classname="backend.tests.test_admin_features.TestSuperAdminLogin" name="test_admin1_login_success" time="0.770" /><testcase classname="backend.tests.test_admin_features.TestSuperAdminLogin" name="test_admin2_login_success" time="0.301" /><testcase classname="backend.tests.test_admin_features.TestSuperAdminLogin" name="test_invalid_login_rejected" time="0.077" /><testcase classname="backend.tests.test_admin_features.TestAdminClientManagement" name="test_get_admin_stats" time="0.406" /><testcase classname="backend.tests.test_admin_features.TestAdminClientManagement" name="test_get_clients_list" time="0.378" /><testcase classname="backend.tests.test_admin_features.TestAdminClientManagement" name="test_create_client" time="0.618" /><testcase classname="backend.tests.test_admin_features.TestAdminClientManagement" name="test_create_client_with_existing_email_rejected" time="0.379" /><testcase classname="backend.tests.test_admin_features.TestAdminBilling" name="test_get_billing_overview" time="0.386" /><testcase classname="backend.tests.test_admin_features.TestPublicPages" name="test_login_page_loads" time="0.081" /><testcase classname="backend.tests.test_admin_features.TestPublicPages" name="test_privacy_policy_accessible" time="0.074" /><testcase classname="backend.tests.test_admin_features.TestPublicPages" name="test_data_deletion_accessible" time="0.083" /><testcase classname="backend.tests.test_admin_features.TestClientLogin" name="test_client_login_success" time="0.898" /></testsuite></testsuites>