<?xml version="1.0" encoding="utf-8"?><testsuites name="pytest tests"><testsuite name="pytest" errors="0" failures="0" skipped="0" tests="15" time="6.815" timestamp="2026-03-11T07:31:26.429407+00:00" hostname="agent-env-a901268e-545e-480f-95ae-56dc69af21b8"><testcase classname="backend.tests.test_admin_credit_management.TestAdminCreditOverview" name="test_get_credits_overview" time="0.841" /><testcase classname="backend.tests.test_admin_credit_management.TestAdminCreditOverview" name="test_credits_overview_unauthorized" time="0.076" /><testcase classname="backend.tests.test_admin_credit_management.TestClientCreditDetails" name="test_get_client_credits" time="0.418" /><testcase classname="backend.tests.test_admin_credit_management.TestClientCreditDetails" name="test_get_nonexistent_client_credits" time="0.376" /><testcase classname="backend.tests.test_admin_credit_management.TestAddBonusCredits" name="test_add_bonus_credits" time="0.686" /><testcase classname="backend.tests.test_admin_credit_management.TestAddBonusCredits" name="test_add_bonus_without_amount_fails" time="0.421" /><testcase classname="backend.tests.test_admin_credit_management.TestAddBonusCredits" name="test_add_negative_bonus_fails" time="0.419" /><testcase classname="backend.tests.test_admin_credit_management.TestSetCreditLimit" name="test_set_credit_limit" time="0.400" /><testcase classname="backend.tests.test_admin_credit_management.TestSetCreditLimit" name="test_set_limit_to_zero" time="0.465" /><testcase classname="backend.tests.test_admin_credit_management.TestResetCredits" name="test_reset_credits" time="0.447" /><testcase classname="backend.tests.test_admin_credit_management.TestDeductCredits" name="test_deduct_credits" time="0.464" /><testcase classname="backend.tests.test_admin_credit_management.TestDeductCredits" name="test_deduct_without_amount_fails" time="0.429" /><testcase classname="backend.tests.test_admin_credit_management.TestCreditHistory" name="test_credit_history_recorded" time="0.468" /><testcase classname="backend.tests.test_admin_credit_management.TestInvalidActions" name="test_invalid_action_rejected" time="0.441" /><testcase classname="backend.tests.test_admin_credit_management.TestClientUserCannotAccessAdminCredits" name="test_client_cannot_access_credits_overview" time="0.387" /></testsuite></testsuites>