<?xml version="1.0" encoding="utf-8"?><testsuites name="pytest tests"><testsuite name="pytest" errors="0" failures="0" skipped="0" tests="20" time="49.265" timestamp="2026-03-09T15:00:59.351581+00:00" hostname="agent-env-a901268e-545e-480f-95ae-56dc69af21b8"><testcase classname="backend.tests.test_admin_dashboard.TestAdminLogin" name="test_admin_login_success" time="1.182" /><testcase classname="backend.tests.test_admin_dashboard.TestAdminLogin" name="test_admin_login_wrong_password" time="1.145" /><testcase classname="backend.tests.test_admin_dashboard.TestAdminStats" name="test_get_admin_stats" time="1.650" /><testcase classname="backend.tests.test_admin_dashboard.TestAdminGetUsers" name="test_get_all_users" time="1.681" /><testcase classname="backend.tests.test_admin_dashboard.TestAdminCreateUser" name="test_create_cafe_user" time="3.642" /><testcase classname="backend.tests.test_admin_dashboard.TestAdminCreateUser" name="test_create_duplicate_email_fails" time="1.668" /><testcase classname="backend.tests.test_admin_dashboard.TestAdminUpdateUser" name="test_deactivate_user" time="3.953" /><testcase classname="backend.tests.test_admin_dashboard.TestAdminUpdateUser" name="test_activate_user" time="3.960" /><testcase classname="backend.tests.test_admin_dashboard.TestAdminUpdateUser" name="test_update_cafe_name" time="3.274" /><testcase classname="backend.tests.test_admin_dashboard.TestAdminResetPassword" name="test_reset_password" time="5.308" /><testcase classname="backend.tests.test_admin_dashboard.TestAdminDeleteUser" name="test_delete_user" time="3.897" /><testcase classname="backend.tests.test_admin_dashboard.TestAdminDeleteUser" name="test_delete_nonexistent_user" time="1.596" /><testcase classname="backend.tests.test_admin_dashboard.TestDeactivatedUserCannotLogin" name="test_deactivated_user_cannot_login" time="5.035" /><testcase classname="backend.tests.test_admin_dashboard.TestRegularUserCannotAccessAdmin" name="test_regular_user_cannot_get_admin_stats" time="1.675" /><testcase classname="backend.tests.test_admin_dashboard.TestRegularUserCannotAccessAdmin" name="test_regular_user_cannot_get_admin_users" time="1.577" /><testcase classname="backend.tests.test_admin_dashboard.TestRegularUserCannotAccessAdmin" name="test_regular_user_cannot_create_user" time="1.614" /><testcase classname="backend.tests.test_admin_dashboard.TestRegularUserCannotAccessAdmin" name="test_regular_user_cannot_delete_user" time="1.585" /><testcase classname="backend.tests.test_admin_dashboard.TestAdminCannotModifyOtherAdmins" name="test_cannot_delete_admin_user" time="1.558" /><testcase classname="backend.tests.test_admin_dashboard.TestAdminCannotModifyOtherAdmins" name="test_cannot_deactivate_admin_user" time="1.602" /><testcase classname="backend.tests.test_admin_dashboard.TestAdminCannotModifyOtherAdmins" name="test_cannot_reset_admin_password_via_admin_endpoint" time="1.602" /></testsuite></testsuites>