<?xml version="1.0" encoding="utf-8"?><testsuites name="pytest tests"><testsuite name="pytest" errors="0" failures="1" skipped="0" tests="15" time="174.059" timestamp="2026-03-11T08:01:51.289425+00:00" hostname="agent-env-a901268e-545e-480f-95ae-56dc69af21b8"><testcase classname="backend.tests.test_ai_generation_features.TestAdminLogin" name="test_admin_login_success" time="0.365" /><testcase classname="backend.tests.test_ai_generation_features.TestClientLogin" name="test_client_login_success" time="0.313" /><testcase classname="backend.tests.test_ai_generation_features.TestBrandDNA" name="test_get_brand_dna" time="0.412" /><testcase classname="backend.tests.test_ai_generation_features.TestWebsiteScraping" name="test_scrape_website_valid_url" time="0.192" /><testcase classname="backend.tests.test_ai_generation_features.TestWebsiteScraping" name="test_scrape_website_extracts_images" time="0.381" /><testcase classname="backend.tests.test_ai_generation_features.TestContentSwipe" name="test_content_swipe_generate" time="1.373" /><testcase classname="backend.tests.test_ai_generation_features.TestReelGeneration" name="test_reel_generation_cinematic" time="54.801" /><testcase classname="backend.tests.test_ai_generation_features.TestReelGeneration" name="test_reel_generation_casual" time="60.205"><failure message="AssertionError: Reel generation failed: The preview environment is not responding. It may be starting up.&#10;  &#10;assert 502 == 200&#10; +  where 502 = &lt;Response [502]&gt;.status_code">backend/tests/test_ai_generation_features.py:262: in test_reel_generation_casual
    assert response.status_code == 200, f"Reel generation failed: {response.text}"
E   AssertionError: Reel generation failed: The preview environment is not responding. It may be starting up.
E     
E   assert 502 == 200
E    +  where 502 = &lt;Response [502]&gt;.status_code</failure></testcase><testcase classname="backend.tests.test_ai_generation_features.TestPhotoshoot" name="test_photoshoot_generate" time="16.955" /><testcase classname="backend.tests.test_ai_generation_features.TestContentLibrary" name="test_get_content_library" time="1.117" /><testcase classname="backend.tests.test_ai_generation_features.TestConceptPost" name="test_concept_generate" time="19.766" /><testcase classname="backend.tests.test_ai_generation_features.TestTemplateClone" name="test_clone_template" time="17.287" /><testcase classname="backend.tests.test_ai_generation_features.TestAdminDashboard" name="test_admin_stats" time="0.421" /><testcase classname="backend.tests.test_ai_generation_features.TestAdminDashboard" name="test_admin_get_clients" time="0.209" /><testcase classname="backend.tests.test_ai_generation_features.TestCreditManagement" name="test_admin_credit_overview" time="0.100" /></testsuite></testsuites>