<?xml version="1.0" encoding="utf-8"?><testsuites name="pytest tests"><testsuite name="pytest" errors="0" failures="1" skipped="18" tests="19" time="183.453" timestamp="2026-03-09T15:54:05.289859+00:00" hostname="agent-env-a901268e-545e-480f-95ae-56dc69af21b8"><testcase classname="tests.test_cafe_features.TestDemoLoginFlow" name="test_demo_login_returns_token" time="61.767"><failure message="AssertionError: Demo login failed: The preview environment is not responding. It may be starting up.&#10;  &#10;assert 502 == 200&#10; +  where 502 = &lt;Response [502]&gt;.status_code">tests/test_cafe_features.py:77: in test_demo_login_returns_token
    assert response.status_code == 200, f"Demo login failed: {response.text}"
E   AssertionError: Demo login failed: The preview environment is not responding. It may be starting up.
E     
E   assert 502 == 200
E    +  where 502 = &lt;Response [502]&gt;.status_code</failure></testcase><testcase classname="tests.test_cafe_features.TestCafeContentGeneration" name="test_generate_post_content" time="60.992"><skipped type="pytest.skip" message="Demo login failed with status 502">/app/backend/tests/test_cafe_features.py:88: Demo login failed with status 502</skipped></testcase><testcase classname="tests.test_cafe_features.TestCafeContentGeneration" name="test_generate_story_content" time="0.000"><skipped type="pytest.skip" message="Demo login failed with status 502">/app/backend/tests/test_cafe_features.py:106: Demo login failed with status 502</skipped></testcase><testcase classname="tests.test_cafe_features.TestCafeContentGeneration" name="test_generate_ad_content" time="0.000"><skipped type="pytest.skip" message="Demo login failed with status 502">/app/backend/tests/test_cafe_features.py:121: Demo login failed with status 502</skipped></testcase><testcase classname="tests.test_cafe_features.TestReelGeneration" name="test_generate_reel_concept" time="0.000"><skipped type="pytest.skip" message="Demo login failed with status 502">/app/backend/tests/test_cafe_features.py:141: Demo login failed with status 502</skipped></testcase><testcase classname="tests.test_cafe_features.TestReelGeneration" name="test_get_trending_reel_formats" time="0.000"><skipped type="pytest.skip" message="Demo login failed with status 502">/app/backend/tests/test_cafe_features.py:159: Demo login failed with status 502</skipped></testcase><testcase classname="tests.test_cafe_features.TestBestPostingTimes" name="test_get_best_posting_times" time="0.000"><skipped type="pytest.skip" message="Demo login failed with status 502">/app/backend/tests/test_cafe_features.py:174: Demo login failed with status 502</skipped></testcase><testcase classname="tests.test_cafe_features.TestScheduledPostsCRUD" name="test_create_scheduled_post" time="0.000"><skipped type="pytest.skip" message="Demo login failed with status 502">/app/backend/tests/test_cafe_features.py:219: Demo login failed with status 502</skipped></testcase><testcase classname="tests.test_cafe_features.TestScheduledPostsCRUD" name="test_get_scheduled_posts" time="0.000"><skipped type="pytest.skip" message="Demo login failed with status 502">/app/backend/tests/test_cafe_features.py:242: Demo login failed with status 502</skipped></testcase><testcase classname="tests.test_cafe_features.TestScheduledPostsCRUD" name="test_update_scheduled_post" time="0.000"><skipped type="pytest.skip" message="Demo login failed with status 502">/app/backend/tests/test_cafe_features.py:251: Demo login failed with status 502</skipped></testcase><testcase classname="tests.test_cafe_features.TestScheduledPostsCRUD" name="test_delete_scheduled_post" time="0.000"><skipped type="pytest.skip" message="Demo login failed with status 502">/app/backend/tests/test_cafe_features.py:285: Demo login failed with status 502</skipped></testcase><testcase classname="tests.test_cafe_features.TestAnalyticsDashboard" name="test_get_instagram_analytics" time="0.000"><skipped type="pytest.skip" message="Demo login failed with status 502">/app/backend/tests/test_cafe_features.py:315: Demo login failed with status 502</skipped></testcase><testcase classname="tests.test_cafe_features.TestIntegrationsStatus" name="test_get_integrations_status" time="0.000"><skipped type="pytest.skip" message="Demo login failed with status 502">/app/backend/tests/test_cafe_features.py:331: Demo login failed with status 502</skipped></testcase><testcase classname="tests.test_cafe_features.TestNavigationPages" name="test_get_brands" time="0.000"><skipped type="pytest.skip" message="Demo login failed with status 502">/app/backend/tests/test_cafe_features.py:347: Demo login failed with status 502</skipped></testcase><testcase classname="tests.test_cafe_features.TestNavigationPages" name="test_get_projects" time="0.000"><skipped type="pytest.skip" message="Demo login failed with status 502">/app/backend/tests/test_cafe_features.py:353: Demo login failed with status 502</skipped></testcase><testcase classname="tests.test_cafe_features.TestNavigationPages" name="test_get_templates" time="0.000"><skipped type="pytest.skip" message="Demo login failed with status 502">/app/backend/tests/test_cafe_features.py:359: Demo login failed with status 502</skipped></testcase><testcase classname="tests.test_cafe_features.TestNavigationPages" name="test_get_ad_campaigns" time="0.000"><skipped type="pytest.skip" message="Demo login failed with status 502">/app/backend/tests/test_cafe_features.py:368: Demo login failed with status 502</skipped></testcase><testcase classname="tests.test_cafe_features.TestAdminEndpoints" name="test_admin_get_users" time="60.590"><skipped type="pytest.skip" message="Admin login failed with status 502">/app/backend/tests/test_cafe_features.py:378: Admin login failed with status 502</skipped></testcase><testcase classname="tests.test_cafe_features.TestAdminEndpoints" name="test_admin_get_stats" time="0.000"><skipped type="pytest.skip" message="Admin login failed with status 502">/app/backend/tests/test_cafe_features.py:388: Admin login failed with status 502</skipped></testcase></testsuite></testsuites>