<?xml version="1.0" encoding="utf-8"?><testsuites name="pytest tests"><testsuite name="pytest" errors="1" failures="0" skipped="0" tests="14" time="5.314" timestamp="2026-03-10T07:34:03.419226+00:00" hostname="agent-env-a901268e-545e-480f-95ae-56dc69af21b8"><testcase classname="backend.tests.test_frameflow_api.TestAuthEndpoints" name="test_super_admin_login" time="0.570" /><testcase classname="backend.tests.test_frameflow_api.TestAuthEndpoints" name="test_client_user_login" time="0.307" /><testcase classname="backend.tests.test_frameflow_api.TestAuthEndpoints" name="test_invalid_login" time="0.124" /><testcase classname="backend.tests.test_frameflow_api.TestAdminEndpoints" name="test_admin_get_clients" time="0.557" /><testcase classname="backend.tests.test_frameflow_api.TestAdminEndpoints" name="test_admin_billing" time="0.412" /><testcase classname="backend.tests.test_frameflow_api.TestAdminEndpoints" name="test_admin_stats" time="0.604" /><testcase classname="backend.tests.test_frameflow_api.TestClientEndpoints" name="test_brand_profile" time="0.410" /><testcase classname="backend.tests.test_frameflow_api.TestClientEndpoints" name="test_integration_status" time="0.369" /><testcase classname="backend.tests.test_frameflow_api.TestClientEndpoints" name="test_analytics" time="0.407" /><testcase classname="backend.tests.test_frameflow_api.TestClientEndpoints" name="test_campaigns_list" time="0.410" /><testcase classname="backend.tests.test_frameflow_api.TestClientEndpoints" name="test_scheduled_posts" time="0.484" /><testcase classname="backend.tests.test_frameflow_api.TestClientEndpoints" name="test_ideas_list" time="0.377" /><testcase classname="backend.tests.test_frameflow_api.TestClientEndpoints" name="test_content_library" time="0.116"><error message="failed on setup with &quot;KeyError: 'token'&quot;">backend/tests/test_frameflow_api.py:109: in client_token
    return response.json()["token"]
           ^^^^^^^^^^^^^^^^^^^^^^^^
E   KeyError: 'token'</error></testcase><testcase classname="backend.tests.test_frameflow_api.TestPublicEndpoints" name="test_health_check" time="0.083" /></testsuite></testsuites>