<?xml version="1.0" encoding="utf-8"?><testsuites name="pytest tests"><testsuite name="pytest" errors="0" failures="0" skipped="0" tests="19" time="29.830" timestamp="2026-03-09T14:37:31.112248+00:00" hostname="agent-env-a901268e-545e-480f-95ae-56dc69af21b8"><testcase classname="backend.tests.test_auth_and_core.TestHealth" name="test_templates_endpoint_accessible" time="2.178" /><testcase classname="backend.tests.test_auth_and_core.TestAuthentication" name="test_login_success" time="1.807" /><testcase classname="backend.tests.test_auth_and_core.TestAuthentication" name="test_login_invalid_credentials" time="0.932" /><testcase classname="backend.tests.test_auth_and_core.TestAuthentication" name="test_login_nonexistent_user" time="0.686" /><testcase classname="backend.tests.test_auth_and_core.TestAuthentication" name="test_signup_duplicate_email" time="0.745" /><testcase classname="backend.tests.test_auth_and_core.TestAuthentication" name="test_me_endpoint_with_valid_token" time="1.665" /><testcase classname="backend.tests.test_auth_and_core.TestAuthentication" name="test_me_endpoint_without_token" time="0.685" /><testcase classname="backend.tests.test_auth_and_core.TestBrands" name="test_get_brands" time="1.631" /><testcase classname="backend.tests.test_auth_and_core.TestBrands" name="test_create_and_get_brand" time="2.450" /><testcase classname="backend.tests.test_auth_and_core.TestBrands" name="test_update_brand" time="3.105" /><testcase classname="backend.tests.test_auth_and_core.TestProjects" name="test_get_projects" time="2.383" /><testcase classname="backend.tests.test_auth_and_core.TestProjects" name="test_create_project" time="3.003" /><testcase classname="backend.tests.test_auth_and_core.TestTemplates" name="test_get_templates" time="0.692" /><testcase classname="backend.tests.test_auth_and_core.TestStats" name="test_get_stats" time="1.628" /><testcase classname="backend.tests.test_auth_and_core.TestIdeas" name="test_get_ideas" time="2.326" /><testcase classname="backend.tests.test_auth_and_core.TestAdCampaigns" name="test_get_campaigns" time="1.673" /><testcase classname="backend.tests.test_auth_and_core.TestProtectedEndpoints" name="test_brands_requires_auth" time="0.723" /><testcase classname="backend.tests.test_auth_and_core.TestProtectedEndpoints" name="test_projects_requires_auth" time="0.734" /><testcase classname="backend.tests.test_auth_and_core.TestProtectedEndpoints" name="test_stats_requires_auth" time="0.689" /></testsuite></testsuites>